<?xml version="1.0" encoding="UTF-8"?>
<!-- Generated by org.testng.reporters.JUnitXMLReporter -->
<testsuite hostname="THECHA" ignored="6" name="Default test" tests="4" failures="0" timestamp="15 Oct 2017 03:29:22 GMT" time="0.123" errors="0">
  <testcase name="method7" time="0.014" classname="TestNgPractice.TestNgClass2"/>
  <testcase name="method8" time="0.001" classname="TestNgPractice.TestNgClass2"/>
  <testcase name="method6" time="0.005" classname="TestNgPractice.TestNgClass2"/>
  <testcase name="method5" time="0.013" classname="TestNgPractice.TestNgClass"/>
  <testcase name="method3" time="0.0" classname="TestNgPractice.TestNgClass">
    <ignored/>
  </testcase> <!-- method3 -->
  <testcase name="method2" time="0.0" classname="TestNgPractice.TestNgClass2">
    <ignored/>
  </testcase> <!-- method2 -->
  <testcase name="Login" time="0.0" classname="TestNgPractice.TestNgClass2">
    <ignored/>
  </testcase> <!-- Login -->
  <testcase name="method4" time="0.0" classname="TestNgPractice.TestNgClass">
    <ignored/>
  </testcase> <!-- method4 -->
  <testcase name="LogOut" time="0.0" classname="TestNgPractice.TestNgClass2">
    <ignored/>
  </testcase> <!-- LogOut -->
  <testcase name="method1" time="0.0" classname="TestNgPractice.TestNgClass">
    <ignored/>
  </testcase> <!-- method1 -->
</testsuite> <!-- Default test -->
